21:00:27 **** Incremental Build of configuration Release for project STSW-STLKT01-AudioLoop ****
make all 
arm-none-eabi-g++ "/home/gaurav/STSW-STLKT01_V2.5.0/Projects/SensorTile/Applications/Optimized_Transformer_code-master/Src/main.cpp" -mcpu=cortex-m4 -std=gnu++14 -g3 -DUSE_HAL_DRIVER -DOSX_BMS_SENSORTILE -DSTM32L476xx -DUSE_STM32L4XX_NUCLEO -D__FPU_PRESENT=1 -DARM_MATH_CM4 -c -I../../../Inc -I../../../../../../../Middlewares/ST/STM32_USB_Device_Library/Class/AUDIO/Inc -I../../../../../../../Middlewares/ST/STM32_USB_Device_Library/Core/Inc -I../../../../../../../Drivers/CMSIS/Device/ST/STM32L4xx/Include -I../../../../../../../Drivers/STM32L4xx_HAL_Driver/Inc -I../../../../../../../Drivers/BSP/Components/Common -I../../../../../../../Drivers/BSP/SensorTile -I../../../../../../../Drivers/BSP/Components/pcm1774 -I../../../../../../../Drivers/CMSIS/Include -I/home/gaurav/STSW-STLKT01_V2.5.0/Projects/SensorTile/Applications/Optimized_Transformer_code-master/STM32CubeIDE/tensorflow/tensorflow/lite/micro/tools/make/downloads/cmsis/CMSIS/Core/Include -I/home/gaurav/STSW-STLKT01_V2.5.0/Projects/SensorTile/Applications/Optimized_Transformer_code-master/STM32CubeIDE/tensorflow/tensorflow/lite/micro/tools/make/downloads -I/home/gaurav/STSW-STLKT01_V2.5.0/Projects/SensorTile/Applications/Optimized_Transformer_code-master/STM32CubeIDE/third_party/flatbuffers/include -I/home/gaurav/STSW-STLKT01_V2.5.0/Projects/SensorTile/Applications/Optimized_Transformer_code-master/STM32CubeIDE/third_party/gemmlowp -I/home/gaurav/STSW-STLKT01_V2.5.0/Projects/SensorTile/Applications/Optimized_Transformer_code-master/STM32CubeIDE/tensorflow -I/home/gaurav/STSW-STLKT01_V2.5.0/Projects/SensorTile/Applications/Optimized_Transformer_code-master/STM32CubeIDE/third_party/ruy -I/home/gaurav/STSW-STLKT01_V2.5.0/Projects/SensorTile/Applications/Optimized_Transformer_code-master/Inc -O0 -ffunction-sections -fno-exceptions -fno-rtti -fno-use-cxa-atexit -Wall -fstack-usage -fcyclomatic-complexity -MMD -MP -MF"AudioLoop/User/main.d" -MT"AudioLoop/User/main.o" --specs=nano.specs -mfpu=fpv4-sp-d16 -mfloat-abi=hard -mthumb -o "AudioLoop/User/main.o"
In file included from ../../../Inc/kws.h:5,
                 from ../../../Inc/kws_ds_cnn.h:4,
                 from /home/gaurav/STSW-STLKT01_V2.5.0/Projects/SensorTile/Applications/Optimized_Transformer_code-master/Src/main.cpp:9:
../../../Inc/nn.h:4:10: fatal error: arm_nnfunctions.h: No such file or directory
    4 | #include "arm_nnfunctions.h"
      |          ^~~~~~~~~~~~~~~~~~~
compilation terminated.
make[1]: *** [AudioLoop/User/subdir.mk:93: AudioLoop/User/main.o] Error 1
make: *** [makefile:97: all] Error 2
"make all" terminated with exit code 2. Build might be incomplete.

21:00:31 Build Failed. 3 errors, 0 warnings. (took 4s.44ms)

